<?xml version="1.0" encoding="UTF-8"?>
<testng-results ignored="0" total="1" passed="1" failed="0" skipped="0">
  <reporter-output>
  </reporter-output>
  <suite started-at="2023-04-21T10:10:59 IST" name="All Test Suite" finished-at="2023-04-21T10:11:23 IST" duration-ms="24014">
    <groups>
    </groups>
    <test started-at="2023-04-21T10:10:59 IST" name="Tst2" finished-at="2023-04-21T10:11:23 IST" duration-ms="24014">
      <class name="org.example.AppTest">
        <test-method is-config="true" signature="setup()[pri:0, instance:org.example.AppTest@7d0332e1]" started-at="2023-04-21T10:10:59 IST" name="setup" finished-at="2023-04-21T10:11:17 IST" duration-ms="17461" status="PASS">
          <reporter-output>
          </reporter-output>
        </test-method> <!-- setup -->
        <test-method signature="SampleTest()[pri:0, instance:org.example.AppTest@7d0332e1]" started-at="2023-04-21T10:11:17 IST" name="SampleTest" finished-at="2023-04-21T10:11:23 IST" duration-ms="6525" status="PASS">
          <reporter-output>
          </reporter-output>
        </test-method> <!-- SampleTest -->
      </class> <!-- org.example.AppTest -->
    </test> <!-- Tst2 -->
  </suite> <!-- All Test Suite -->
</testng-results>
